0 info it worked if it ends with ok
1 verbose cli [ '/Users/jmountz/.nvm/versions/node/v5.9.1/bin/node',
1 verbose cli   '/Users/jmountz/.nvm/versions/node/v5.9.1/bin/npm',
1 verbose cli   'run',
1 verbose cli   'dev' ]
2 info using npm@3.7.3
3 info using node@v5.9.1
4 verbose run-script [ 'predev', 'dev', 'postdev' ]
5 info lifecycle drink-tracker@1.0.0~predev: drink-tracker@1.0.0
6 silly lifecycle drink-tracker@1.0.0~predev: no script for predev, continuing
7 info lifecycle drink-tracker@1.0.0~dev: drink-tracker@1.0.0
8 verbose lifecycle drink-tracker@1.0.0~dev: unsafe-perm in lifecycle true
9 verbose lifecycle drink-tracker@1.0.0~dev: PATH: /Users/jmountz/.nvm/versions/node/v5.9.1/lib/node_modules/npm/bin/node-gyp-bin:/Users/jmountz/Dropbox/personal_on_scty_computer/drink-tracker/node_modules/.bin:/Users/jmountz/.nvm/versions/node/v5.9.1/bin:/Users/jmountz/.rbenv/shims:/Users/jmountz/.dnx/runtimes/dnx-mono.1.0.0-rc1-update2/bin:/Users/jmountz/.dnx/bin:/Users/jmountz/.nvm/versions/node/v5.9.1/bin:/usr/local/bin:/usr/bin:/bin:/usr/sbin:/sbin:/Applications/Postgres.app/Contents/Versions/latest/bin
10 verbose lifecycle drink-tracker@1.0.0~dev: CWD: /Users/jmountz/Dropbox/personal_on_scty_computer/drink-tracker
11 silly lifecycle drink-tracker@1.0.0~dev: Args: [ '-c', 'nodemon server.js' ]
12 silly lifecycle drink-tracker@1.0.0~dev: Returned: code: 1  signal: null
13 info lifecycle drink-tracker@1.0.0~dev: Failed to exec dev script
14 verbose stack Error: drink-tracker@1.0.0 dev: `nodemon server.js`
14 verbose stack Exit status 1
14 verbose stack     at EventEmitter.<anonymous> (/Users/jmountz/.nvm/versions/node/v5.9.1/lib/node_modules/npm/lib/utils/lifecycle.js:239:16)
14 verbose stack     at emitTwo (events.js:100:13)
14 verbose stack     at EventEmitter.emit (events.js:185:7)
14 verbose stack     at ChildProcess.<anonymous> (/Users/jmountz/.nvm/versions/node/v5.9.1/lib/node_modules/npm/lib/utils/spawn.js:24:14)
14 verbose stack     at emitTwo (events.js:100:13)
14 verbose stack     at ChildProcess.emit (events.js:185:7)
14 verbose stack     at maybeClose (internal/child_process.js:850:16)
14 verbose stack     at Process.ChildProcess._handle.onexit (internal/child_process.js:215:5)
15 verbose pkgid drink-tracker@1.0.0
16 verbose cwd /Users/jmountz/Dropbox/personal_on_scty_computer/drink-tracker
17 error Darwin 15.5.0
18 error argv "/Users/jmountz/.nvm/versions/node/v5.9.1/bin/node" "/Users/jmountz/.nvm/versions/node/v5.9.1/bin/npm" "run" "dev"
19 error node v5.9.1
20 error npm  v3.7.3
21 error code ELIFECYCLE
22 error drink-tracker@1.0.0 dev: `nodemon server.js`
22 error Exit status 1
23 error Failed at the drink-tracker@1.0.0 dev script 'nodemon server.js'.
23 error Make sure you have the latest version of node.js and npm installed.
23 error If you do, this is most likely a problem with the drink-tracker package,
23 error not with npm itself.
23 error Tell the author that this fails on your system:
23 error     nodemon server.js
23 error You can get information on how to open an issue for this project with:
23 error     npm bugs drink-tracker
23 error Or if that isn't available, you can get their info via:
23 error     npm owner ls drink-tracker
23 error There is likely additional logging output above.
24 verbose exit [ 1, true ]
